<?xml version="1.0" encoding="UTF-8"?>
<testng-results skipped="0" failed="1" total="10" passed="9">
  <reporter-output>
  </reporter-output>
  <suite name="Suite" duration-ms="374098" started-at="2019-02-01T07:17:43Z" finished-at="2019-02-01T07:23:57Z">
    <groups>
    </groups>
    <test name="Test" duration-ms="374098" started-at="2019-02-01T07:17:43Z" finished-at="2019-02-01T07:23:57Z">
      <class name="com.cases.TestSAPLogin_dataProvider">
        <test-method status="PASS" signature="beforeTest()[pri:0, instance:com.cases.TestSAPLogin_dataProvider@59fa1d9b]" name="beforeTest" is-config="true" duration-ms="64" started-at="2019-02-01T15:17:43Z" finished-at="2019-02-01T15:17:43Z">
          <reporter-output>
          </reporter-output>
        </test-method> <!-- beforeTest -->
        <test-method status="PASS" signature="beforeClass(java.lang.String)[pri:0, instance:com.cases.TestSAPLogin_dataProvider@59fa1d9b]" name="beforeClass" is-config="true" duration-ms="6" started-at="2019-02-01T15:17:43Z" finished-at="2019-02-01T15:17:43Z">
          <params>
            <param index="0">
              <value>
                <![CDATA[3]]>
              </value>
            </param>
          </params>
          <reporter-output>
          </reporter-output>
        </test-method> <!-- beforeClass -->
        <test-method status="PASS" signature="beforeMethod()[pri:0, instance:com.cases.TestSAPLogin_dataProvider@59fa1d9b]" name="beforeMethod" is-config="true" duration-ms="4713" started-at="2019-02-01T15:17:43Z" finished-at="2019-02-01T15:17:48Z">
          <reporter-output>
          </reporter-output>
        </test-method> <!-- beforeMethod -->
        <test-method status="PASS" signature="SAPlogin(java.util.Map, java.lang.reflect.Method)[pri:0, instance:com.cases.TestSAPLogin_dataProvider@59fa1d9b]" name="SAPlogin" duration-ms="41206" started-at="2019-02-01T15:17:48Z" data-provider="dp" finished-at="2019-02-01T15:18:29Z">
          <params>
            <param index="0">
              <value>
                <![CDATA[{password=pwd, CompanyID=PerfCmpVrpH, userName=R1AOACJ8}]]>
              </value>
            </param>
            <param index="1">
              <value>
                <![CDATA[public void com.cases.TestSAPLogin_dataProvider.SAPlogin(java.util.Map,java.lang.reflect.Method) throws java.lang.Exception]]>
              </value>
            </param>
          </params>
          <reporter-output>
          </reporter-output>
        </test-method> <!-- SAPlogin -->
        <test-method status="PASS" signature="afterMethod()[pri:0, instance:com.cases.TestSAPLogin_dataProvider@59fa1d9b]" name="afterMethod" is-config="true" duration-ms="4142" started-at="2019-02-01T15:18:29Z" finished-at="2019-02-01T15:18:33Z">
          <reporter-output>
          </reporter-output>
        </test-method> <!-- afterMethod -->
        <test-method status="PASS" signature="beforeMethod()[pri:0, instance:com.cases.TestSAPLogin_dataProvider@59fa1d9b]" name="beforeMethod" is-config="true" duration-ms="3935" started-at="2019-02-01T15:18:33Z" finished-at="2019-02-01T15:18:37Z">
          <reporter-output>
          </reporter-output>
        </test-method> <!-- beforeMethod -->
        <test-method status="PASS" signature="SAPlogin(java.util.Map, java.lang.reflect.Method)[pri:0, instance:com.cases.TestSAPLogin_dataProvider@59fa1d9b]" name="SAPlogin" duration-ms="26245" started-at="2019-02-01T15:18:37Z" data-provider="dp" finished-at="2019-02-01T15:19:04Z">
          <params>
            <param index="0">
              <value>
                <![CDATA[{password=pwd, CompanyID=PerfCmpVrpH, userName=R1AOGMJ6}]]>
              </value>
            </param>
            <param index="1">
              <value>
                <![CDATA[public void com.cases.TestSAPLogin_dataProvider.SAPlogin(java.util.Map,java.lang.reflect.Method) throws java.lang.Exception]]>
              </value>
            </param>
          </params>
          <reporter-output>
          </reporter-output>
        </test-method> <!-- SAPlogin -->
        <test-method status="PASS" signature="afterMethod()[pri:0, instance:com.cases.TestSAPLogin_dataProvider@59fa1d9b]" name="afterMethod" is-config="true" duration-ms="4336" started-at="2019-02-01T15:19:04Z" finished-at="2019-02-01T15:19:08Z">
          <reporter-output>
          </reporter-output>
        </test-method> <!-- afterMethod -->
        <test-method status="PASS" signature="beforeMethod()[pri:0, instance:com.cases.TestSAPLogin_dataProvider@59fa1d9b]" name="beforeMethod" is-config="true" duration-ms="3964" started-at="2019-02-01T15:19:08Z" finished-at="2019-02-01T15:19:12Z">
          <reporter-output>
          </reporter-output>
        </test-method> <!-- beforeMethod -->
        <test-method status="PASS" signature="SAPlogin(java.util.Map, java.lang.reflect.Method)[pri:0, instance:com.cases.TestSAPLogin_dataProvider@59fa1d9b]" name="SAPlogin" duration-ms="27232" started-at="2019-02-01T15:19:12Z" data-provider="dp" finished-at="2019-02-01T15:19:39Z">
          <params>
            <param index="0">
              <value>
                <![CDATA[{password=pwd, CompanyID=PerfCmpVrpH, userName=R1AHLNA9}]]>
              </value>
            </param>
            <param index="1">
              <value>
                <![CDATA[public void com.cases.TestSAPLogin_dataProvider.SAPlogin(java.util.Map,java.lang.reflect.Method) throws java.lang.Exception]]>
              </value>
            </param>
          </params>
          <reporter-output>
          </reporter-output>
        </test-method> <!-- SAPlogin -->
        <test-method status="PASS" signature="afterMethod()[pri:0, instance:com.cases.TestSAPLogin_dataProvider@59fa1d9b]" name="afterMethod" is-config="true" duration-ms="4013" started-at="2019-02-01T15:19:39Z" finished-at="2019-02-01T15:19:43Z">
          <reporter-output>
          </reporter-output>
        </test-method> <!-- afterMethod -->
        <test-method status="PASS" signature="beforeMethod()[pri:0, instance:com.cases.TestSAPLogin_dataProvider@59fa1d9b]" name="beforeMethod" is-config="true" duration-ms="3926" started-at="2019-02-01T15:19:43Z" finished-at="2019-02-01T15:19:47Z">
          <reporter-output>
          </reporter-output>
        </test-method> <!-- beforeMethod -->
        <test-method status="PASS" signature="SAPlogin(java.util.Map, java.lang.reflect.Method)[pri:0, instance:com.cases.TestSAPLogin_dataProvider@59fa1d9b]" name="SAPlogin" duration-ms="31483" started-at="2019-02-01T15:19:47Z" data-provider="dp" finished-at="2019-02-01T15:20:19Z">
          <params>
            <param index="0">
              <value>
                <![CDATA[{password=pwd, CompanyID=PerfCmpVrpH, userName=R1AHUIB0}]]>
              </value>
            </param>
            <param index="1">
              <value>
                <![CDATA[public void com.cases.TestSAPLogin_dataProvider.SAPlogin(java.util.Map,java.lang.reflect.Method) throws java.lang.Exception]]>
              </value>
            </param>
          </params>
          <reporter-output>
          </reporter-output>
        </test-method> <!-- SAPlogin -->
        <test-method status="PASS" signature="afterMethod()[pri:0, instance:com.cases.TestSAPLogin_dataProvider@59fa1d9b]" name="afterMethod" is-config="true" duration-ms="4059" started-at="2019-02-01T15:20:19Z" finished-at="2019-02-01T15:20:23Z">
          <reporter-output>
          </reporter-output>
        </test-method> <!-- afterMethod -->
        <test-method status="PASS" signature="beforeMethod()[pri:0, instance:com.cases.TestSAPLogin_dataProvider@59fa1d9b]" name="beforeMethod" is-config="true" duration-ms="3852" started-at="2019-02-01T15:20:23Z" finished-at="2019-02-01T15:20:26Z">
          <reporter-output>
          </reporter-output>
        </test-method> <!-- beforeMethod -->
        <test-method status="PASS" signature="SAPlogin(java.util.Map, java.lang.reflect.Method)[pri:0, instance:com.cases.TestSAPLogin_dataProvider@59fa1d9b]" name="SAPlogin" duration-ms="28740" started-at="2019-02-01T15:20:26Z" data-provider="dp" finished-at="2019-02-01T15:20:55Z">
          <params>
            <param index="0">
              <value>
                <![CDATA[{password=pwd, CompanyID=PerfCmpVrpH, userName=R1AFCRK8}]]>
              </value>
            </param>
            <param index="1">
              <value>
                <![CDATA[public void com.cases.TestSAPLogin_dataProvider.SAPlogin(java.util.Map,java.lang.reflect.Method) throws java.lang.Exception]]>
              </value>
            </param>
          </params>
          <reporter-output>
          </reporter-output>
        </test-method> <!-- SAPlogin -->
        <test-method status="PASS" signature="afterMethod()[pri:0, instance:com.cases.TestSAPLogin_dataProvider@59fa1d9b]" name="afterMethod" is-config="true" duration-ms="4049" started-at="2019-02-01T15:20:55Z" finished-at="2019-02-01T15:20:59Z">
          <reporter-output>
          </reporter-output>
        </test-method> <!-- afterMethod -->
        <test-method status="PASS" signature="beforeMethod()[pri:0, instance:com.cases.TestSAPLogin_dataProvider@59fa1d9b]" name="beforeMethod" is-config="true" duration-ms="3967" started-at="2019-02-01T15:20:59Z" finished-at="2019-02-01T15:21:03Z">
          <reporter-output>
          </reporter-output>
        </test-method> <!-- beforeMethod -->
        <test-method status="PASS" signature="SAPlogin(java.util.Map, java.lang.reflect.Method)[pri:0, instance:com.cases.TestSAPLogin_dataProvider@59fa1d9b]" name="SAPlogin" duration-ms="29457" started-at="2019-02-01T15:21:03Z" data-provider="dp" finished-at="2019-02-01T15:21:33Z">
          <params>
            <param index="0">
              <value>
                <![CDATA[{password=pwd, CompanyID=PerfCmpVrpH, userName=R1AFRLQ0}]]>
              </value>
            </param>
            <param index="1">
              <value>
                <![CDATA[public void com.cases.TestSAPLogin_dataProvider.SAPlogin(java.util.Map,java.lang.reflect.Method) throws java.lang.Exception]]>
              </value>
            </param>
          </params>
          <reporter-output>
          </reporter-output>
        </test-method> <!-- SAPlogin -->
        <test-method status="PASS" signature="afterMethod()[pri:0, instance:com.cases.TestSAPLogin_dataProvider@59fa1d9b]" name="afterMethod" is-config="true" duration-ms="4331" started-at="2019-02-01T15:21:33Z" finished-at="2019-02-01T15:21:37Z">
          <reporter-output>
          </reporter-output>
        </test-method> <!-- afterMethod -->
        <test-method status="PASS" signature="beforeMethod()[pri:0, instance:com.cases.TestSAPLogin_dataProvider@59fa1d9b]" name="beforeMethod" is-config="true" duration-ms="3933" started-at="2019-02-01T15:21:37Z" finished-at="2019-02-01T15:21:41Z">
          <reporter-output>
          </reporter-output>
        </test-method> <!-- beforeMethod -->
        <test-method status="FAIL" signature="SAPlogin(java.util.Map, java.lang.reflect.Method)[pri:0, instance:com.cases.TestSAPLogin_dataProvider@59fa1d9b]" name="SAPlogin" duration-ms="25173" started-at="2019-02-01T15:21:41Z" data-provider="dp" finished-at="2019-02-01T15:22:06Z">
          <params>
            <param index="0">
              <value>
                <![CDATA[{password=pwd, CompanyID=PerfCmpVrpH, userName=C01_EMM1}]]>
              </value>
            </param>
            <param index="1">
              <value>
                <![CDATA[public void com.cases.TestSAPLogin_dataProvider.SAPlogin(java.util.Map,java.lang.reflect.Method) throws java.lang.Exception]]>
              </value>
            </param>
          </params>
          <exception class="java.lang.AssertionError">
            <message>
              <![CDATA[fail: no such element: Unable to locate element: {"method":"name","selector":"username"}
  (Session info: chrome=71.0.3578.98)
  (Driver info: chromedriver=2.36.540470 (e522d04694c7ebea4ba8821272dbef4f9b818c91),platform=Windows NT 10.0.17134 x86_64) (WARNING: The server did not provide any stacktrace information)
Command duration or timeout: 5.02 seconds
For documentation on this error, please visit: http://seleniumhq.org/exceptions/no_such_element.html
Build info: version: '2.48.2', revision: '41bccdd', time: '2015-10-09 19:59:12'
System info: host: 'PVGN56604278A', ip: '192.168.44.1', os.name: 'Windows 10', os.arch: 'amd64', os.version: '10.0', java.version: '1.8.0_191'
Driver info: org.openqa.selenium.chrome.ChromeDriver
Capabilities [{applicationCacheEnabled=false, rotatable=false, mobileEmulationEnabled=false, networkConnectionEnabled=false, chrome={chromedriverVersion=2.36.540470 (e522d04694c7ebea4ba8821272dbef4f9b818c91), userDataDir=C:\Users\c5268556\AppData\Local\Temp\scoped_dir22072_823}, takesHeapSnapshot=true, pageLoadStrategy=normal, databaseEnabled=false, handlesAlerts=true, hasTouchScreen=false, version=71.0.3578.98, platform=XP, browserConnectionEnabled=false, nativeEvents=true, acceptSslCerts=false, acceptInsecureCerts=false, locationContextEnabled=true, webStorageEnabled=true, browserName=chrome, takesScreenshot=true, javascriptEnabled=true, cssSelectorsEnabled=true, setWindowRect=true, unexpectedAlertBehaviour=}]
Session ID: e580baff3f0c7e9d47247e643ce344b0
*** Element info: {Using=name, value=username}]]>
            </message>
            <full-stacktrace>
              <![CDATA[java.lang.AssertionError: fail: no such element: Unable to locate element: {"method":"name","selector":"username"}
  (Session info: chrome=71.0.3578.98)
  (Driver info: chromedriver=2.36.540470 (e522d04694c7ebea4ba8821272dbef4f9b818c91),platform=Windows NT 10.0.17134 x86_64) (WARNING: The server did not provide any stacktrace information)
Command duration or timeout: 5.02 seconds
For documentation on this error, please visit: http://seleniumhq.org/exceptions/no_such_element.html
Build info: version: '2.48.2', revision: '41bccdd', time: '2015-10-09 19:59:12'
System info: host: 'PVGN56604278A', ip: '192.168.44.1', os.name: 'Windows 10', os.arch: 'amd64', os.version: '10.0', java.version: '1.8.0_191'
Driver info: org.openqa.selenium.chrome.ChromeDriver
Capabilities [{applicationCacheEnabled=false, rotatable=false, mobileEmulationEnabled=false, networkConnectionEnabled=false, chrome={chromedriverVersion=2.36.540470 (e522d04694c7ebea4ba8821272dbef4f9b818c91), userDataDir=C:\Users\c5268556\AppData\Local\Temp\scoped_dir22072_823}, takesHeapSnapshot=true, pageLoadStrategy=normal, databaseEnabled=false, handlesAlerts=true, hasTouchScreen=false, version=71.0.3578.98, platform=XP, browserConnectionEnabled=false, nativeEvents=true, acceptSslCerts=false, acceptInsecureCerts=false, locationContextEnabled=true, webStorageEnabled=true, browserName=chrome, takesScreenshot=true, javascriptEnabled=true, cssSelectorsEnabled=true, setWindowRect=true, unexpectedAlertBehaviour=}]
Session ID: e580baff3f0c7e9d47247e643ce344b0
*** Element info: {Using=name, value=username}
	at org.testng.Assert.fail(Assert.java:94)
	at com.cases.TestSAPLogin_dataProvider.SAPlogin(TestSAPLogin_dataProvider.java:36)
	at sun.reflect.NativeMethodAccessorImpl.invoke0(Native Method)
	at sun.reflect.NativeMethodAccessorImpl.invoke(Unknown Source)
	at sun.reflect.DelegatingMethodAccessorImpl.invoke(Unknown Source)
	at java.lang.reflect.Method.invoke(Unknown Source)
	at org.testng.internal.MethodInvocationHelper.invokeMethod(MethodInvocationHelper.java:80)
	at org.testng.internal.Invoker.invokeMethod(Invoker.java:714)
	at org.testng.internal.Invoker.invokeTestMethod(Invoker.java:901)
	at org.testng.internal.Invoker.invokeTestMethods(Invoker.java:1231)
	at org.testng.internal.TestMethodWorker.invokeTestMethods(TestMethodWorker.java:127)
	at org.testng.internal.TestMethodWorker.run(TestMethodWorker.java:111)
	at org.testng.TestRunner.privateRun(TestRunner.java:767)
	at org.testng.TestRunner.run(TestRunner.java:617)
	at org.testng.SuiteRunner.runTest(SuiteRunner.java:334)
	at org.testng.SuiteRunner.runSequentially(SuiteRunner.java:329)
	at org.testng.SuiteRunner.privateRun(SuiteRunner.java:291)
	at org.testng.SuiteRunner.run(SuiteRunner.java:240)
	at org.testng.SuiteRunnerWorker.runSuite(SuiteRunnerWorker.java:52)
	at org.testng.SuiteRunnerWorker.run(SuiteRunnerWorker.java:86)
	at org.testng.TestNG.runSuitesSequentially(TestNG.java:1198)
	at org.testng.TestNG.runSuitesLocally(TestNG.java:1123)
	at org.testng.TestNG.run(TestNG.java:1031)
	at org.testng.remote.AbstractRemoteTestNG.run(AbstractRemoteTestNG.java:132)
	at org.testng.remote.RemoteTestNG.initAndRun(RemoteTestNG.java:236)
	at org.testng.remote.RemoteTestNG.main(RemoteTestNG.java:81)
]]>
            </full-stacktrace>
          </exception> <!-- java.lang.AssertionError -->
          <reporter-output>
          </reporter-output>
        </test-method> <!-- SAPlogin -->
        <test-method status="PASS" signature="afterMethod()[pri:0, instance:com.cases.TestSAPLogin_dataProvider@59fa1d9b]" name="afterMethod" is-config="true" duration-ms="4686" started-at="2019-02-01T15:22:06Z" finished-at="2019-02-01T15:22:11Z">
          <reporter-output>
          </reporter-output>
        </test-method> <!-- afterMethod -->
        <test-method status="PASS" signature="beforeMethod()[pri:0, instance:com.cases.TestSAPLogin_dataProvider@59fa1d9b]" name="beforeMethod" is-config="true" duration-ms="3983" started-at="2019-02-01T15:22:11Z" finished-at="2019-02-01T15:22:15Z">
          <reporter-output>
          </reporter-output>
        </test-method> <!-- beforeMethod -->
        <test-method status="PASS" signature="SAPlogin(java.util.Map, java.lang.reflect.Method)[pri:0, instance:com.cases.TestSAPLogin_dataProvider@59fa1d9b]" name="SAPlogin" duration-ms="30460" started-at="2019-02-01T15:22:15Z" data-provider="dp" finished-at="2019-02-01T15:22:45Z">
          <params>
            <param index="0">
              <value>
                <![CDATA[{password=pwd, CompanyID=PerfCmpVrpH, userName=4SUCC008}]]>
              </value>
            </param>
            <param index="1">
              <value>
                <![CDATA[public void com.cases.TestSAPLogin_dataProvider.SAPlogin(java.util.Map,java.lang.reflect.Method) throws java.lang.Exception]]>
              </value>
            </param>
          </params>
          <reporter-output>
          </reporter-output>
        </test-method> <!-- SAPlogin -->
        <test-method status="PASS" signature="afterMethod()[pri:0, instance:com.cases.TestSAPLogin_dataProvider@59fa1d9b]" name="afterMethod" is-config="true" duration-ms="3996" started-at="2019-02-01T15:22:45Z" finished-at="2019-02-01T15:22:49Z">
          <reporter-output>
          </reporter-output>
        </test-method> <!-- afterMethod -->
        <test-method status="PASS" signature="beforeMethod()[pri:0, instance:com.cases.TestSAPLogin_dataProvider@59fa1d9b]" name="beforeMethod" is-config="true" duration-ms="4092" started-at="2019-02-01T15:22:49Z" finished-at="2019-02-01T15:22:53Z">
          <reporter-output>
          </reporter-output>
        </test-method> <!-- beforeMethod -->
        <test-method status="PASS" signature="SAPlogin(java.util.Map, java.lang.reflect.Method)[pri:0, instance:com.cases.TestSAPLogin_dataProvider@59fa1d9b]" name="SAPlogin" duration-ms="25549" started-at="2019-02-01T15:22:53Z" data-provider="dp" finished-at="2019-02-01T15:23:19Z">
          <params>
            <param index="0">
              <value>
                <![CDATA[{password=pwd, CompanyID=PerfCmpVrpH, userName=R1IGMSB5}]]>
              </value>
            </param>
            <param index="1">
              <value>
                <![CDATA[public void com.cases.TestSAPLogin_dataProvider.SAPlogin(java.util.Map,java.lang.reflect.Method) throws java.lang.Exception]]>
              </value>
            </param>
          </params>
          <reporter-output>
          </reporter-output>
        </test-method> <!-- SAPlogin -->
        <test-method status="PASS" signature="afterMethod()[pri:0, instance:com.cases.TestSAPLogin_dataProvider@59fa1d9b]" name="afterMethod" is-config="true" duration-ms="4014" started-at="2019-02-01T15:23:19Z" finished-at="2019-02-01T15:23:23Z">
          <reporter-output>
          </reporter-output>
        </test-method> <!-- afterMethod -->
        <test-method status="PASS" signature="beforeMethod()[pri:0, instance:com.cases.TestSAPLogin_dataProvider@59fa1d9b]" name="beforeMethod" is-config="true" duration-ms="3889" started-at="2019-02-01T15:23:23Z" finished-at="2019-02-01T15:23:27Z">
          <reporter-output>
          </reporter-output>
        </test-method> <!-- beforeMethod -->
        <test-method status="PASS" signature="SAPlogin(java.util.Map, java.lang.reflect.Method)[pri:0, instance:com.cases.TestSAPLogin_dataProvider@59fa1d9b]" name="SAPlogin" duration-ms="26049" started-at="2019-02-01T15:23:27Z" data-provider="dp" finished-at="2019-02-01T15:23:53Z">
          <params>
            <param index="0">
              <value>
                <![CDATA[{password=pwd, CompanyID=PerfCmpVrpH, userName=R1IAJNG6}]]>
              </value>
            </param>
            <param index="1">
              <value>
                <![CDATA[public void com.cases.TestSAPLogin_dataProvider.SAPlogin(java.util.Map,java.lang.reflect.Method) throws java.lang.Exception]]>
              </value>
            </param>
          </params>
          <reporter-output>
          </reporter-output>
        </test-method> <!-- SAPlogin -->
        <test-method status="PASS" signature="afterMethod()[pri:0, instance:com.cases.TestSAPLogin_dataProvider@59fa1d9b]" name="afterMethod" is-config="true" duration-ms="4262" started-at="2019-02-01T15:23:53Z" finished-at="2019-02-01T15:23:57Z">
          <reporter-output>
          </reporter-output>
        </test-method> <!-- afterMethod -->
        <test-method status="PASS" signature="afterClass()[pri:0, instance:com.cases.TestSAPLogin_dataProvider@59fa1d9b]" name="afterClass" is-config="true" duration-ms="0" started-at="2019-02-01T15:23:57Z" finished-at="2019-02-01T15:23:57Z">
          <reporter-output>
          </reporter-output>
        </test-method> <!-- afterClass -->
      </class> <!-- com.cases.TestSAPLogin_dataProvider -->
    </test> <!-- Test -->
  </suite> <!-- Suite -->
</testng-results>
