<?xml version="1.0" encoding="UTF-8"?>
<testng-results skipped="0" failed="1" total="1" passed="0">
  <reporter-output>
  </reporter-output>
  <suite name="Suite" duration-ms="18754" started-at="2017-05-20T07:41:07Z" finished-at="2017-05-20T07:41:26Z">
    <groups>
    </groups>
    <test name="Test" duration-ms="18754" started-at="2017-05-20T07:41:07Z" finished-at="2017-05-20T07:41:26Z">
      <class name="com.cases.KfglTest_New">
        <test-method status="PASS" signature="beforeTest()[pri:0, instance:com.cases.KfglTest_New@1aa89eb]" name="beforeTest" is-config="true" duration-ms="17" started-at="2017-05-20T15:41:07Z" finished-at="2017-05-20T15:41:07Z">
          <reporter-output>
          </reporter-output>
        </test-method> <!-- beforeTest -->
        <test-method status="PASS" signature="beforeClass(java.lang.String)[pri:0, instance:com.cases.KfglTest_New@1aa89eb]" name="beforeClass" is-config="true" duration-ms="442" started-at="2017-05-20T15:41:07Z" finished-at="2017-05-20T15:41:07Z">
          <params>
            <param index="0">
              <value>
                <![CDATA[2]]>
              </value>
            </param>
          </params>
          <reporter-output>
          </reporter-output>
        </test-method> <!-- beforeClass -->
        <test-method status="PASS" signature="beforeMethod()[pri:0, instance:com.cases.KfglTest_New@1aa89eb]" name="beforeMethod" is-config="true" duration-ms="2053" started-at="2017-05-20T15:41:07Z" finished-at="2017-05-20T15:41:09Z">
          <reporter-output>
          </reporter-output>
        </test-method> <!-- beforeMethod -->
        <test-method status="FAIL" signature="kfgl_0001_LoginSucc(java.lang.reflect.Method)[pri:0, instance:com.cases.KfglTest_New@1aa89eb]" name="kfgl_0001_LoginSucc" duration-ms="6489" started-at="2017-05-20T15:41:09Z" finished-at="2017-05-20T15:41:16Z">
          <params>
            <param index="0">
              <value>
                <![CDATA[public void com.cases.KfglTest_New.kfgl_0001_LoginSucc(java.lang.reflect.Method) throws java.lang.Exception]]>
              </value>
            </param>
          </params>
          <exception class="org.openqa.selenium.NoSuchElementException">
            <message>
              <![CDATA[Unable to find element with id == username (WARNING: The server did not provide any stacktrace information)
Command duration or timeout: 5.23 seconds
For documentation on this error, please visit: http://seleniumhq.org/exceptions/no_such_element.html
Build info: version: '2.48.2', revision: '41bccdd', time: '2015-10-09 19:59:12'
System info: host: 'test-31da6b5549', ip: '192.168.2.208', os.name: 'Windows XP', os.arch: 'x86', os.version: '5.1', java.version: '1.7.0_79'
*** Element info: {Using=id, value=username}
Session ID: a6aef66c-b4c5-485a-aed6-79250ab13e26
Driver info: org.openqa.selenium.ie.InternetExplorerDriver
Capabilities [{platform=WINDOWS, javascriptEnabled=true, cssSelectorsEnabled=true, handlesAlerts=true, browserName=internet explorer, nativeEvents=true, takesScreenshot=true, version=8}]]]>
            </message>
            <full-stacktrace>
              <![CDATA[org.openqa.selenium.NoSuchElementException: Unable to find element with id == username (WARNING: The server did not provide any stacktrace information)
Command duration or timeout: 5.23 seconds
For documentation on this error, please visit: http://seleniumhq.org/exceptions/no_such_element.html
Build info: version: '2.48.2', revision: '41bccdd', time: '2015-10-09 19:59:12'
System info: host: 'test-31da6b5549', ip: '192.168.2.208', os.name: 'Windows XP', os.arch: 'x86', os.version: '5.1', java.version: '1.7.0_79'
*** Element info: {Using=id, value=username}
Session ID: a6aef66c-b4c5-485a-aed6-79250ab13e26
Driver info: org.openqa.selenium.ie.InternetExplorerDriver
Capabilities [{platform=WINDOWS, javascriptEnabled=true, cssSelectorsEnabled=true, handlesAlerts=true, browserName=internet explorer, nativeEvents=true, takesScreenshot=true, version=8}]
	at sun.reflect.NativeConstructorAccessorImpl.newInstance0(Native Method)
	at sun.reflect.NativeConstructorAccessorImpl.newInstance(NativeConstructorAccessorImpl.java:57)
	at sun.reflect.DelegatingConstructorAccessorImpl.newInstance(DelegatingConstructorAccessorImpl.java:45)
	at java.lang.reflect.Constructor.newInstance(Constructor.java:526)
	at org.openqa.selenium.remote.ErrorHandler.createThrowable(ErrorHandler.java:206)
	at org.openqa.selenium.remote.ErrorHandler.throwIfResponseFailed(ErrorHandler.java:158)
	at org.openqa.selenium.remote.RemoteWebDriver.execute(RemoteWebDriver.java:647)
	at org.openqa.selenium.remote.RemoteWebDriver.findElement(RemoteWebDriver.java:353)
	at org.openqa.selenium.remote.RemoteWebDriver.findElementById(RemoteWebDriver.java:403)
	at org.openqa.selenium.By$ById.findElement(By.java:218)
	at org.openqa.selenium.remote.RemoteWebDriver.findElement(RemoteWebDriver.java:345)
	at com.page.Kfgl_LoginPage_New.setUsername(Kfgl_LoginPage_New.java:27)
	at com.business.Kfgl_LoginBusiness_New.login(Kfgl_LoginBusiness_New.java:41)
	at com.cases.KfglTest_New.kfgl_0001_LoginSucc(KfglTest_New.java:24)
	at sun.reflect.NativeMethodAccessorImpl.invoke0(Native Method)
	at sun.reflect.NativeMethodAccessorImpl.invoke(NativeMethodAccessorImpl.java:57)
	at sun.reflect.DelegatingMethodAccessorImpl.invoke(DelegatingMethodAccessorImpl.java:43)
	at java.lang.reflect.Method.invoke(Method.java:606)
	at org.testng.internal.MethodInvocationHelper.invokeMethod(MethodInvocationHelper.java:85)
	at org.testng.internal.Invoker.invokeMethod(Invoker.java:639)
	at org.testng.internal.Invoker.invokeTestMethod(Invoker.java:821)
	at org.testng.internal.Invoker.invokeTestMethods(Invoker.java:1131)
	at org.testng.internal.TestMethodWorker.invokeTestMethods(TestMethodWorker.java:124)
	at org.testng.internal.TestMethodWorker.run(TestMethodWorker.java:108)
	at org.testng.TestRunner.privateRun(TestRunner.java:773)
	at org.testng.TestRunner.run(TestRunner.java:623)
	at org.testng.SuiteRunner.runTest(SuiteRunner.java:357)
	at org.testng.SuiteRunner.runSequentially(SuiteRunner.java:352)
	at org.testng.SuiteRunner.privateRun(SuiteRunner.java:310)
	at org.testng.SuiteRunner.run(SuiteRunner.java:259)
	at org.testng.SuiteRunnerWorker.runSuite(SuiteRunnerWorker.java:52)
	at org.testng.SuiteRunnerWorker.run(SuiteRunnerWorker.java:86)
	at org.testng.TestNG.runSuitesSequentially(TestNG.java:1185)
	at org.testng.TestNG.runSuitesLocally(TestNG.java:1110)
	at org.testng.TestNG.run(TestNG.java:1018)
	at org.testng.TestNG.privateMain(TestNG.java:1325)
	at org.testng.TestNG.main(TestNG.java:1294)
]]>
            </full-stacktrace>
          </exception> <!-- org.openqa.selenium.NoSuchElementException -->
          <reporter-output>
          </reporter-output>
        </test-method> <!-- kfgl_0001_LoginSucc -->
        <test-method status="PASS" signature="afterMethod()[pri:0, instance:com.cases.KfglTest_New@1aa89eb]" name="afterMethod" is-config="true" duration-ms="9744" started-at="2017-05-20T15:41:16Z" finished-at="2017-05-20T15:41:26Z">
          <reporter-output>
          </reporter-output>
        </test-method> <!-- afterMethod -->
        <test-method status="PASS" signature="afterClass()[pri:0, instance:com.cases.KfglTest_New@1aa89eb]" name="afterClass" is-config="true" duration-ms="0" started-at="2017-05-20T15:41:26Z" finished-at="2017-05-20T15:41:26Z">
          <reporter-output>
          </reporter-output>
        </test-method> <!-- afterClass -->
      </class> <!-- com.cases.KfglTest_New -->
    </test> <!-- Test -->
  </suite> <!-- Suite -->
</testng-results>
